ERROR: system: Anvil is already defined in that package
ERROR: system: Casting is already defined in that package
ERROR: system: Crucible is already defined in that package
ERROR: system: Fishing is already defined in that package
ERROR: system: Vat is already defined in that package
ERROR: system: AutoSpawner is already defined in that package
INFO: MineTweaker: Building registry
INFO: MineTweaker: Sucessfully built item registry
INFO: Adding command minetweaker
INFO: Adding minetweaker command tooltips
INFO: 
INFO: Adding minetweaker command appeng
INFO: Adding minetweaker command lexiconCategories
INFO: Adding minetweaker command lexiconPages
INFO: Adding minetweaker command botaniaBrews
INFO: Adding minetweaker command lexiconKnowledgeTypes
INFO: Adding minetweaker command botaniaOrechid
INFO: Adding minetweaker command botania
INFO: Adding minetweaker command chiselGroups
INFO: Adding minetweaker command chiselVariations
INFO: Adding minetweaker command gases
INFO: Adding minetweaker command mekanism
INFO: Adding minetweaker command railcraft
INFO: Adding minetweaker command materials
INFO: Adding minetweaker command modifiers
INFO: Adding minetweaker command tconstruct
INFO: Adding minetweaker command research
INFO: Adding minetweaker command aspectList
INFO: Adding minetweaker command thermalexpansion
INFO: Adding minetweaker command mfr
INFO: Removing 2 recipes
INFO: Removing 0 recipes
INFO: Removing 0 recipes
INFO: Removing 1 recipes
INFO: Removing 1 recipes
INFO: Removing 1 recipes
INFO: Removing 1 recipes
INFO: Removing 1 recipes
INFO: Removing 1 recipes
INFO: Removing 1 recipes
INFO: Removing 1 recipes
INFO: Removing 1 recipes
INFO: Removing 1 recipes
INFO: Removing 1 recipes
INFO: Removing 1 recipes
INFO: Removing 1 recipes
INFO: Removing 1 recipes
INFO: Removing 1 recipes
INFO: Removing 1 recipes
INFO: Removing 1 recipes
INFO: Removing 1 recipes
INFO: Removing 1 recipes
INFO: Removing 1 recipes
INFO: Removing 1 recipes
INFO: Removing 1 recipes
INFO: Removing 1 recipes
INFO: Removing 1 recipes
INFO: Removing 1 recipes
INFO: Adding recipe for Bucket
INFO: Adding recipe for Wooden Hoe
INFO: Adding recipe for Stone Hoe
INFO: Adding recipe for Golden Hoe
INFO: Adding recipe for Iron Hoe
INFO: Adding recipe for Diamond Hoe
INFO: Adding recipe for Diamond Sword
INFO: Adding recipe for Iron Sword
INFO: Adding recipe for Golden Sword
INFO: Adding recipe for Stone Sword
INFO: Adding recipe for Wooden Sword
INFO: Adding recipe for Wooden Axe
INFO: Adding recipe for Golden Axe
INFO: Adding recipe for Stone Axe
INFO: Adding recipe for Iron Axe
INFO: Adding recipe for Diamond Axe
INFO: Adding recipe for Wooden Shovel
INFO: Adding recipe for Stone Shovel
INFO: Adding recipe for Iron Shovel
INFO: Adding recipe for Golden Shovel
INFO: Adding recipe for Diamond Shovel
INFO: Adding recipe for Wooden Pickaxe
INFO: Adding recipe for Stone Pickaxe
INFO: Adding recipe for Iron Pickaxe
INFO: Adding recipe for Golden Pickaxe
INFO: Adding recipe for Diamond Pickaxe
INFO: [ModTweaker2] Adding 1 QED Recipe(s) for net.minecraftforge.oredict.ShapedOreRecipe@297a9f96
INFO: 
INFO: 
INFO: 
INFO: 
INFO: 
INFO: 
INFO: 
INFO: 
INFO: 
INFO: 
INFO: 
INFO: 
INFO: 
INFO: 
INFO: 
INFO: 
INFO: 
INFO: 
INFO: 
INFO: 
